// Using locale /usr/share/locale/
// C
// /usr/share/locale/
// giac
// UTF-8
// Maximum number of parallel threads 1
// Giac share root-directory:/usr/share/giac/
// Giac share root-directory:/usr/share/giac/
Added 0 synonyms
// Giac share root-directory:/usr/share/giac/
// Warning: j, declared as global variable(s). If symbolic variables are required, declare them as local and run purge
// End defining extr
// Warning: a, declared as global variable(s). If symbolic variables are required, declare them as local and run purge
// Success
// End defining monpolyfaddeev
// Success
// Warning: P,x,k, declared as global variable(s). If symbolic variables are required, declare them as local and run purge
// Warning: x, declared as global variable(s). If symbolic variables are required, declare them as local and run purge
// End defining cf
// Warning: a, declared as global variable(s). If symbolic variables are required, declare them as local and run purge
============== restarted ===============
// Time 0.01
// Time 0
// Time 0
// Time 0
// Time 0
// Time 0
// Time 0
// Time 0
// Time 0
// Time 0
// Time 0
// Time 0
// Time 0
// Time 0
// Time 0
// Time 0.09
// Time 0
// Time 0
// Time 0
// Time 0.1
// Time 0
// Time 0
// Time 0
// Time 0.09
// Time 0
// Time 0
// Time 0.27
// GCD eval dimension 24 639445 Vector [1,1,1,1,1,1,1,1,1,1,1,1,1,1,1,1,1,1,1,1,1,1,1,1] 20 Vector [1,1,1,1,1,1,1,1,1,1,1,1,1,1,1,1,1,1,1,1,1,1,1,1]20 
Find_good_eval 639586 [0,0,0,0,0,0,0,0,0,0,0,0,0,0,0,0,0,0,0,0,0,0,0]
Fb= 639616 0
Gb= 639635 0
Find_good_eval 639643 [44,48,82,48,55,-65,-20,72,-86,-16,77,-46,-28,-28,23,-26,-46,-87,88,6,-16,14,69]
Fb= 640028 %%%{-48,[1]%%%}+%%%{106,[0]%%%}
Gb= 640376 %%%{-48,[1]%%%}+%%%{106,[0]%%%}
FOUND good eval640383 [44,48,82,48,55,-65,-20,72,-86,-16,77,-46,-28,-28,23,-26,-46,-87,88,6,-16,14,69]
// evaled GCD deg 1
Trying p/lgcd(p) as gcd 24 640399
lgcd(p) ok 24 640472
Success p/lgcd(p) as gcd 24 640482
// GCD eval dimension 24 642165 Vector [1,1,1,1,1,1,1,1,1,1,1,1,1,1,1,1,1,1,1,1,1,1,1,1] 60 Vector [1,1,1,1,1,1,1,1,1,1,1,1,1,1,1,1,1,1,1,1,1,1,1,1]60 
Find_good_eval 642294 [0,0,0,0,0,0,0,0,0,0,0,0,0,0,0,0,0,0,0,0,0,0,0]
Fb= 642331 0
Gb= 642362 0
Find_good_eval 642368 [71,-78,-74,81,-27,-87,81,-88,51,-8,68,48,-46,-59,-69,84,31,45,-28,99,84,56,-66]
Fb= 643364 %%%{9425,[1]%%%}+%%%{-1684,[0]%%%}
Gb= 644360 %%%{9425,[1]%%%}+%%%{-1684,[0]%%%}
FOUND good eval644367 [71,-78,-74,81,-27,-87,81,-88,51,-8,68,48,-46,-59,-69,84,31,45,-28,99,84,56,-66]
// evaled GCD deg 1
Trying p/lgcd(p) as gcd 24 644381
lgcd(p) ok 24 644708
Success p/lgcd(p) as gcd 24 644722
// GCD eval dimension 24 648262 Vector [1,1,1,1,1,1,1,1,1,1,1,1,1,1,1,1,1,1,1,1,1,1,1,1] 120 Vector [1,1,1,1,1,1,1,1,1,1,1,1,1,1,1,1,1,1,1,1,1,1,1,1]120 
Find_good_eval 648419 [0,0,0,0,0,0,0,0,0,0,0,0,0,0,0,0,0,0,0,0,0,0,0]
Fb= 648480 0
Gb= 648532 0
Find_good_eval 648539 [92,-31,-63,33,44,93,-37,-20,39,-4,-40,-48,10,-58,31,78,81,-22,10,-26,-97,37,-9]
Fb= 651012 %%%{12176,[1]%%%}+%%%{-12422,[0]%%%}
Gb= 653003 %%%{12176,[1]%%%}+%%%{-12422,[0]%%%}
FOUND good eval653010 [92,-31,-63,33,44,93,-37,-20,39,-4,-40,-48,10,-58,31,78,81,-22,10,-26,-97,37,-9]
// evaled GCD deg 1
Trying p/lgcd(p) as gcd 24 653028
lgcd(p) ok 24 653400
Success p/lgcd(p) as gcd 24 653419
// GCD eval dimension 24 657348 Vector [1,1,1,1,1,1,1,1,1,1,1,1,1,1,1,1,1,1,1,1,1,1,1,1] 120 Vector [1,1,1,1,1,1,1,1,1,1,1,1,1,1,1,1,1,1,1,1,1,1,1,1]120 
Find_good_eval 657505 [0,0,0,0,0,0,0,0,0,0,0,0,0,0,0,0,0,0,0,0,0,0,0]
Fb= 657565 0
Gb= 657616 0
Find_good_eval 657624 [-54,60,89,77,-85,76,84,-5,64,-56,74,98,18,26,0,3,86,32,53,-39,32,45,79]
Fb= 659294 %%%{-8899,[1]%%%}+%%%{-1640,[0]%%%}
Gb= 660967 %%%{-8899,[1]%%%}+%%%{-1640,[0]%%%}
FOUND good eval660975 [-54,60,89,77,-85,76,84,-5,64,-56,74,98,18,26,0,3,86,32,53,-39,32,45,79]
// evaled GCD deg 1
Trying p/lgcd(p) as gcd 24 660990
lgcd(p) ok 24 661529
Success p/lgcd(p) as gcd 24 661550
// GCD eval dimension 24 662882 Vector [1,1,1,1,1,1,1,1,1,1,1,1,1,1,1,1,1,1,1,1,1,1,1,1] 20 Vector [1,1,1,1,1,1,1,1,1,1,1,1,1,1,1,1,1,1,1,1,1,1,1,1]20 
Find_good_eval 662995 [0,0,0,0,0,0,0,0,0,0,0,0,0,0,0,0,0,0,0,0,0,0,0]
Fb= 663027 0
Gb= 663046 0
Find_good_eval 663052 [41,43,-31,42,-91,-77,-72,-7,6,-20,-40,81,-64,83,-68,-60,2,92,8,-70,-12,80,-96]
Fb= 663411 %%%{-42,[1]%%%}+%%%{2451,[0]%%%}
Gb= 663762 %%%{-42,[1]%%%}+%%%{2451,[0]%%%}
FOUND good eval663769 [41,43,-31,42,-91,-77,-72,-7,6,-20,-40,81,-64,83,-68,-60,2,92,8,-70,-12,80,-96]
// evaled GCD deg 1
Trying p/lgcd(p) as gcd 24 663784
lgcd(p) ok 24 663854
Success p/lgcd(p) as gcd 24 663864
// GCD eval dimension 24 665566 Vector [1,1,1,1,1,1,1,1,1,1,1,1,1,1,1,1,1,1,1,1,1,1,1,1] 60 Vector [1,1,1,1,1,1,1,1,1,1,1,1,1,1,1,1,1,1,1,1,1,1,1,1]60 
Find_good_eval 665696 [0,0,0,0,0,0,0,0,0,0,0,0,0,0,0,0,0,0,0,0,0,0,0]
Fb= 665734 0
Gb= 665765 0
Find_good_eval 665771 [-29,-95,-68,60,-66,8,34,-7,-21,-18,-46,11,70,-59,63,-86,67,0,-59,28,-36,-43,55]
Fb= 666859 %%%{6321,[1]%%%}+%%%{13148,[0]%%%}
Gb= 667774 %%%{6321,[1]%%%}+%%%{13148,[0]%%%}
FOUND good eval667781 [-29,-95,-68,60,-66,8,34,-7,-21,-18,-46,11,70,-59,63,-86,67,0,-59,28,-36,-43,55]
// evaled GCD deg 1
Trying p/lgcd(p) as gcd 24 667799
lgcd(p) ok 24 668128
Success p/lgcd(p) as gcd 24 668142
// GCD eval dimension 24 671458 Vector [1,1,1,1,1,1,1,1,1,1,1,1,1,1,1,1,1,1,1,1,1,1,1,1] 120 Vector [1,1,1,1,1,1,1,1,1,1,1,1,1,1,1,1,1,1,1,1,1,1,1,1]120 
Find_good_eval 671635 [0,0,0,0,0,0,0,0,0,0,0,0,0,0,0,0,0,0,0,0,0,0,0]
Fb= 671695 0
Gb= 671747 0
Find_good_eval 671753 [-12,-71,-13,-93,-85,-18,93,-22,-43,-7,-3,46,85,31,84,-86,82,76,-49,-25,-65,15,-33]
Fb= 673744 %%%{14286,[1]%%%}+%%%{-13734,[0]%%%}
Gb= 675720 %%%{14286,[1]%%%}+%%%{-13734,[0]%%%}
FOUND good eval675727 [-12,-71,-13,-93,-85,-18,93,-22,-43,-7,-3,46,85,31,84,-86,82,76,-49,-25,-65,15,-33]
// evaled GCD deg 1
Trying p/lgcd(p) as gcd 24 675742
lgcd(p) ok 24 676104
Success p/lgcd(p) as gcd 24 676124
// GCD eval dimension 24 680048 Vector [1,1,1,1,1,1,1,1,1,1,1,1,1,1,1,1,1,1,1,1,1,1,1,1] 120 Vector [1,1,1,1,1,1,1,1,1,1,1,1,1,1,1,1,1,1,1,1,1,1,1,1]120 
Find_good_eval 680233 [0,0,0,0,0,0,0,0,0,0,0,0,0,0,0,0,0,0,0,0,0,0,0]
Fb= 680293 0
Gb= 680345 0
Find_good_eval 680353 [-84,-49,-17,52,-13,-64,24,84,-65,8,-81,22,61,-16,-8,-16,-33,-6,-57,-32,63,73,13]
Fb= 682416 %%%{-13898,[1]%%%}+%%%{-11140,[0]%%%}
Gb= 684441 %%%{-13898,[1]%%%}+%%%{-11140,[0]%%%}
FOUND good eval684448 [-84,-49,-17,52,-13,-64,24,84,-65,8,-81,22,61,-16,-8,-16,-33,-6,-57,-32,63,73,13]
// evaled GCD deg 1
Trying p/lgcd(p) as gcd 24 684463
lgcd(p) ok 24 684985
Success p/lgcd(p) as gcd 24 685005
// GCD eval dimension 24 686295 Vector [1,1,1,1,1,1,1,1,1,1,1,1,1,1,1,1,1,1,1,1,1,1,1,1] 20 Vector [1,1,1,1,1,1,1,1,1,1,1,1,1,1,1,1,1,1,1,1,1,1,1,1]20 
Find_good_eval 686409 [0,0,0,0,0,0,0,0,0,0,0,0,0,0,0,0,0,0,0,0,0,0,0]
Fb= 686447 0
Gb= 686465 0
Find_good_eval 686472 [-3,-97,-13,89,-63,1,7,11,-47,-77,-14,87,-38,-37,13,-94,17,-70,45,77,-80,-85,75]
Fb= 687030 %%%{-89,[1]%%%}+%%%{-9760,[0]%%%}
Gb= 687382 %%%{-89,[1]%%%}+%%%{-9760,[0]%%%}
FOUND good eval687389 [-3,-97,-13,89,-63,1,7,11,-47,-77,-14,87,-38,-37,13,-94,17,-70,45,77,-80,-85,75]
// evaled GCD deg 1
Trying p/lgcd(p) as gcd 24 687407
lgcd(p) ok 24 687496
Success p/lgcd(p) as gcd 24 687506
// GCD eval dimension 24 689219 Vector [1,1,1,1,1,1,1,1,1,1,1,1,1,1,1,1,1,1,1,1,1,1,1,1] 60 Vector [1,1,1,1,1,1,1,1,1,1,1,1,1,1,1,1,1,1,1,1,1,1,1,1]60 
Find_good_eval 689351 [0,0,0,0,0,0,0,0,0,0,0,0,0,0,0,0,0,0,0,0,0,0,0]
Fb= 689389 0
Gb= 689424 0
Find_good_eval 689432 [-92,-8,-33,-35,42,62,91,-55,63,26,66,-29,89,69,-50,-56,89,-63,61,-4,-97,-89,55]
Fb= 690441 %%%{-14180,[1]%%%}+%%%{2663,[0]%%%}
Gb= 691445 %%%{-14180,[1]%%%}+%%%{2663,[0]%%%}
FOUND good eval691452 [-92,-8,-33,-35,42,62,91,-55,63,26,66,-29,89,69,-50,-56,89,-63,61,-4,-97,-89,55]
// evaled GCD deg 1
Trying p/lgcd(p) as gcd 24 691467
lgcd(p) ok 24 691797
Success p/lgcd(p) as gcd 24 691811
// GCD eval dimension 24 695128 Vector [1,1,1,1,1,1,1,1,1,1,1,1,1,1,1,1,1,1,1,1,1,1,1,1] 120 Vector [1,1,1,1,1,1,1,1,1,1,1,1,1,1,1,1,1,1,1,1,1,1,1,1]120 
Find_good_eval 695285 [0,0,0,0,0,0,0,0,0,0,0,0,0,0,0,0,0,0,0,0,0,0,0]
Fb= 695342 0
Gb= 695393 0
Find_good_eval 695400 [30,-21,-65,-82,-62,5,7,87,-69,71,-44,44,-43,85,53,42,-95,-25,59,-68,96,-78,60]
Fb= 697533 %%%{-8336,[1]%%%}+%%%{-2316,[0]%%%}
Gb= 699499 %%%{-8336,[1]%%%}+%%%{-2316,[0]%%%}
FOUND good eval699507 [30,-21,-65,-82,-62,5,7,87,-69,71,-44,44,-43,85,53,42,-95,-25,59,-68,96,-78,60]
// evaled GCD deg 1
Trying p/lgcd(p) as gcd 24 699524
lgcd(p) ok 24 699883
Success p/lgcd(p) as gcd 24 699902
// GCD eval dimension 24 703591 Vector [1,1,1,1,1,1,1,1,1,1,1,1,1,1,1,1,1,1,1,1,1,1,1,1] 120 Vector [1,1,1,1,1,1,1,1,1,1,1,1,1,1,1,1,1,1,1,1,1,1,1,1]120 
Find_good_eval 703750 [0,0,0,0,0,0,0,0,0,0,0,0,0,0,0,0,0,0,0,0,0,0,0]
Fb= 703810 0
Gb= 703861 0
Find_good_eval 703868 [-22,-84,-1,40,-42,98,79,32,2,-92,39,-20,50,72,91,-18,-31,46,18,29,3,-41,-97]
Fb= 705918 %%%{8943,[1]%%%}+%%%{3549,[0]%%%}
Gb= 708122 %%%{8943,[1]%%%}+%%%{3549,[0]%%%}
FOUND good eval708131 [-22,-84,-1,40,-42,98,79,32,2,-92,39,-20,50,72,91,-18,-31,46,18,29,3,-41,-97]
// evaled GCD deg 1
Trying p/lgcd(p) as gcd 24 708149
lgcd(p) ok 24 708674
Success p/lgcd(p) as gcd 24 708694
// GCD eval dimension 24 709937 Vector [1,1,1,1,1,1,1,1,1,1,1,1,1,1,1,1,1,1,1,1,1,1,1,1] 16 Vector [1,1,1,1,1,1,1,1,1,1,1,1,1,1,1,1,1,1,1,1,1,1,1,1]16 
Find_good_eval 710048 [0,0,0,0,0,0,0,0,0,0,0,0,0,0,0,0,0,0,0,0,0,0,0]
Fb= 710071 0
Gb= 710087 0
Find_good_eval 710094 [-38,2,-51,-98,69,-52,72,50,45,-24,-63,28,32,-66,-52,62,23,85,72,-2,-3,-88,-42]
Fb= 710426 %%%{98,[1]%%%}+%%%{8523,[0]%%%}
Gb= 710752 %%%{98,[1]%%%}+%%%{8523,[0]%%%}
FOUND good eval710759 [-38,2,-51,-98,69,-52,72,50,45,-24,-63,28,32,-66,-52,62,23,85,72,-2,-3,-88,-42]
// evaled GCD deg 1
Trying p/lgcd(p) as gcd 24 710774
lgcd(p) ok 24 710837
Success p/lgcd(p) as gcd 24 710846
// GCD eval dimension 24 712280 Vector [1,1,1,1,1,1,1,1,1,1,1,1,1,1,1,1,1,1,1,1,1,1,1,1] 48 Vector [1,1,1,1,1,1,1,1,1,1,1,1,1,1,1,1,1,1,1,1,1,1,1,1]48 
Find_good_eval 712404 [0,0,0,0,0,0,0,0,0,0,0,0,0,0,0,0,0,0,0,0,0,0,0]
Fb= 712438 0
Gb= 712465 0
Find_good_eval 712471 [-96,-55,-34,-9,-29,-86,-35,1,-36,25,99,60,97,-56,8,-38,11,77,3,39,49,-80,-8]
Fb= 713378 %%%{-5977,[1]%%%}+%%%{12640,[0]%%%}
Gb= 714278 %%%{-5977,[1]%%%}+%%%{12640,[0]%%%}
FOUND good eval714284 [-96,-55,-34,-9,-29,-86,-35,1,-36,25,99,60,97,-56,8,-38,11,77,3,39,49,-80,-8]
// evaled GCD deg 1
Trying p/lgcd(p) as gcd 24 714299
lgcd(p) ok 24 714583
Success p/lgcd(p) as gcd 24 714596
// GCD eval dimension 24 717471 Vector [1,1,1,1,1,1,1,1,1,1,1,1,1,1,1,1,1,1,1,1,1,1,1,1] 96 Vector [1,1,1,1,1,1,1,1,1,1,1,1,1,1,1,1,1,1,1,1,1,1,1,1]96 
Find_good_eval 717618 [0,0,0,0,0,0,0,0,0,0,0,0,0,0,0,0,0,0,0,0,0,0,0]
Fb= 717673 0
Gb= 717717 0
Find_good_eval 717724 [-96,87,35,14,-15,40,39,65,-63,-42,-12,14,51,-33,71,-83,-85,11,52,33,-80,76,14]
Fb= 719466 %%%{3414,[1]%%%}+%%%{-11024,[0]%%%}
Gb= 721224 %%%{3414,[1]%%%}+%%%{-11024,[0]%%%}
FOUND good eval721231 [-96,87,35,14,-15,40,39,65,-63,-42,-12,14,51,-33,71,-83,-85,11,52,33,-80,76,14]
// evaled GCD deg 1
Trying p/lgcd(p) as gcd 24 721247
lgcd(p) ok 24 721637
Success p/lgcd(p) as gcd 24 721656
// GCD eval dimension 24 724699 Vector [1,1,1,1,1,1,1,1,1,1,1,1,1,1,1,1,1,1,1,1,1,1,1,1] 96 Vector [1,1,1,1,1,1,1,1,1,1,1,1,1,1,1,1,1,1,1,1,1,1,1,1]96 
Find_good_eval 724843 [0,0,0,0,0,0,0,0,0,0,0,0,0,0,0,0,0,0,0,0,0,0,0]
Fb= 724893 0
Gb= 724963 0
Find_good_eval 724971 [-33,-32,-27,-64,-69,46,-38,97,-52,64,89,94,26,-27,20,-27,57,24,19,-14,-32,-82,79]
Fb= 726618 %%%{-7276,[1]%%%}+%%%{-10294,[0]%%%}
Gb= 728431 %%%{-7276,[1]%%%}+%%%{-10294,[0]%%%}
FOUND good eval728440 [-33,-32,-27,-64,-69,46,-38,97,-52,64,89,94,26,-27,20,-27,57,24,19,-14,-32,-82,79]
// evaled GCD deg 1
Trying p/lgcd(p) as gcd 24 728458
lgcd(p) ok 24 729036
Success p/lgcd(p) as gcd 24 729055
// GCD eval dimension 24 730288 Vector [1,1,1,1,1,1,1,1,1,1,1,1,1,1,1,1,1,1,1,1,1,1,1,1] 20 Vector [1,1,1,1,1,1,1,1,1,1,1,1,1,1,1,1,1,1,1,1,1,1,1,1]20 
Find_good_eval 730402 [0,0,0,0,0,0,0,0,0,0,0,0,0,0,0,0,0,0,0,0,0,0,0]
Fb= 730426 0
Gb= 730443 0
Find_good_eval 730450 [58,81,-88,-45,12,-32,-20,-40,-77,-21,2,-43,22,43,-79,-92,-3,-93,97,18,-21,73,-15]
Fb= 730803 %%%{45,[1]%%%}+%%%{11095,[0]%%%}
Gb= 731147 %%%{45,[1]%%%}+%%%{11095,[0]%%%}
FOUND good eval731154 [58,81,-88,-45,12,-32,-20,-40,-77,-21,2,-43,22,43,-79,-92,-3,-93,97,18,-21,73,-15]
// evaled GCD deg 1
Trying p/lgcd(p) as gcd 24 731174
lgcd(p) ok 24 731244
Success p/lgcd(p) as gcd 24 731253
// GCD eval dimension 24 732910 Vector [1,1,1,1,1,1,1,1,1,1,1,1,1,1,1,1,1,1,1,1,1,1,1,1] 60 Vector [1,1,1,1,1,1,1,1,1,1,1,1,1,1,1,1,1,1,1,1,1,1,1,1]60 
Find_good_eval 733042 [0,0,0,0,0,0,0,0,0,0,0,0,0,0,0,0,0,0,0,0,0,0,0]
Fb= 733079 0
Gb= 733110 0
Find_good_eval 733117 [-4,-46,-60,79,3,-82,-13,-64,65,-72,77,2,80,44,-33,18,97,71,41,20,-42,71,97]
Fb= 734118 %%%{-78,[1]%%%}+%%%{-10815,[0]%%%}
Gb= 735103 %%%{-78,[1]%%%}+%%%{-10815,[0]%%%}
FOUND good eval735110 [-4,-46,-60,79,3,-82,-13,-64,65,-72,77,2,80,44,-33,18,97,71,41,20,-42,71,97]
// evaled GCD deg 1
Trying p/lgcd(p) as gcd 24 735124
lgcd(p) ok 24 735448
Success p/lgcd(p) as gcd 24 735461
// GCD eval dimension 24 738960 Vector [1,1,1,1,1,1,1,1,1,1,1,1,1,1,1,1,1,1,1,1,1,1,1,1] 120 Vector [1,1,1,1,1,1,1,1,1,1,1,1,1,1,1,1,1,1,1,1,1,1,1,1]120 
Find_good_eval 739115 [0,0,0,0,0,0,0,0,0,0,0,0,0,0,0,0,0,0,0,0,0,0,0]
Fb= 739174 0
Gb= 739225 0
Find_good_eval 739232 [-65,22,-4,-8,-94,40,-94,51,37,69,48,59,-92,-84,-59,-80,72,21,32,2,-43,-99,-71]
Fb= 741224 %%%{-3999,[1]%%%}+%%%{263,[0]%%%}
Gb= 743189 %%%{-3999,[1]%%%}+%%%{263,[0]%%%}
FOUND good eval743196 [-65,22,-4,-8,-94,40,-94,51,37,69,48,59,-92,-84,-59,-80,72,21,32,2,-43,-99,-71]
// evaled GCD deg 1
Trying p/lgcd(p) as gcd 24 743212
lgcd(p) ok 24 743573
Success p/lgcd(p) as gcd 24 743593
// GCD eval dimension 24 747266 Vector [1,1,1,1,1,1,1,1,1,1,1,1,1,1,1,1,1,1,1,1,1,1,1,1] 120 Vector [1,1,1,1,1,1,1,1,1,1,1,1,1,1,1,1,1,1,1,1,1,1,1,1]120 
Find_good_eval 747423 [0,0,0,0,0,0,0,0,0,0,0,0,0,0,0,0,0,0,0,0,0,0,0]
Fb= 747480 0
Gb= 747531 0
Find_good_eval 747538 [16,19,34,-59,-77,-5,-94,80,-82,44,18,-19,-38,1,49,-57,-23,-97,68,-33,21,-43,-38]
Fb= 749719 %%%{-12447,[1]%%%}+%%%{8824,[0]%%%}
Gb= 751716 %%%{-12447,[1]%%%}+%%%{8824,[0]%%%}
FOUND good eval751724 [16,19,34,-59,-77,-5,-94,80,-82,44,18,-19,-38,1,49,-57,-23,-97,68,-33,21,-43,-38]
// evaled GCD deg 1
Trying p/lgcd(p) as gcd 24 751742
lgcd(p) ok 24 752324
Success p/lgcd(p) as gcd 24 752357
// GCD eval dimension 24 753671 Vector [1,1,1,1,1,1,1,1,1,1,1,1,1,1,1,1,1,1,1,1,1,1,1,1] 20 Vector [1,1,1,1,1,1,1,1,1,1,1,1,1,1,1,1,1,1,1,1,1,1,1,1]20 
Find_good_eval 753786 [0,0,0,0,0,0,0,0,0,0,0,0,0,0,0,0,0,0,0,0,0,0,0]
Fb= 753810 0
Gb= 753828 0
Find_good_eval 753835 [-3,-4,-83,-8,-38,29,40,-81,-28,-37,-94,39,18,24,-58,14,-99,-66,65,-98,-18,-81,22]
Fb= 754193 %%%{8,[1]%%%}+%%%{6434,[0]%%%}
Gb= 754571 %%%{8,[1]%%%}+%%%{6434,[0]%%%}
FOUND good eval754585 [-3,-4,-83,-8,-38,29,40,-81,-28,-37,-94,39,18,24,-58,14,-99,-66,65,-98,-18,-81,22]
// evaled GCD deg 1
Trying p/lgcd(p) as gcd 24 754602
lgcd(p) ok 24 754674
Success p/lgcd(p) as gcd 24 754684
// GCD eval dimension 24 756378 Vector [1,1,1,1,1,1,1,1,1,1,1,1,1,1,1,1,1,1,1,1,1,1,1,1] 60 Vector [1,1,1,1,1,1,1,1,1,1,1,1,1,1,1,1,1,1,1,1,1,1,1,1]60 
Find_good_eval 756509 [0,0,0,0,0,0,0,0,0,0,0,0,0,0,0,0,0,0,0,0,0,0,0]
Fb= 756547 0
Gb= 756579 0
Find_good_eval 756586 [73,9,30,75,38,-39,85,33,-4,-70,15,2,72,-32,97,-71,93,80,-3,-64,-13,-73,-15]
Fb= 757585 %%%{9638,[1]%%%}+%%%{-8268,[0]%%%}
Gb= 758573 %%%{9638,[1]%%%}+%%%{-8268,[0]%%%}
FOUND good eval758580 [73,9,30,75,38,-39,85,33,-4,-70,15,2,72,-32,97,-71,93,80,-3,-64,-13,-73,-15]
// evaled GCD deg 1
Trying p/lgcd(p) as gcd 24 758594
lgcd(p) ok 24 759119
Success p/lgcd(p) as gcd 24 759135
// GCD eval dimension 24 762454 Vector [1,1,1,1,1,1,1,1,1,1,1,1,1,1,1,1,1,1,1,1,1,1,1,1] 120 Vector [1,1,1,1,1,1,1,1,1,1,1,1,1,1,1,1,1,1,1,1,1,1,1,1]120 
Find_good_eval 762609 [0,0,0,0,0,0,0,0,0,0,0,0,0,0,0,0,0,0,0,0,0,0,0]
Fb= 762667 0
Gb= 762718 0
Find_good_eval 762725 [40,82,-30,57,-86,73,-42,-28,94,84,33,-8,21,-98,-4,36,4,19,92,-77,-22,63,75]
Fb= 764710 %%%{-2640,[1]%%%}+%%%{-11891,[0]%%%}
Gb= 766672 %%%{-2640,[1]%%%}+%%%{-11891,[0]%%%}
FOUND good eval766679 [40,82,-30,57,-86,73,-42,-28,94,84,33,-8,21,-98,-4,36,4,19,92,-77,-22,63,75]
// evaled GCD deg 1
Trying p/lgcd(p) as gcd 24 766694
lgcd(p) ok 24 767058
Success p/lgcd(p) as gcd 24 767077
// GCD eval dimension 24 771000 Vector [1,1,1,1,1,1,1,1,1,1,1,1,1,1,1,1,1,1,1,1,1,1,1,1] 120 Vector [1,1,1,1,1,1,1,1,1,1,1,1,1,1,1,1,1,1,1,1,1,1,1,1]120 
Find_good_eval 771165 [0,0,0,0,0,0,0,0,0,0,0,0,0,0,0,0,0,0,0,0,0,0,0]
Fb= 771226 0
Gb= 771278 0
Find_good_eval 771285 [91,90,38,-42,-11,-20,-27,64,92,60,-6,67,43,-20,14,-38,-55,51,-96,32,64,-90,-85]
Fb= 773329 %%%{-8088,[1]%%%}+%%%{-13268,[0]%%%}
Gb= 775379 %%%{-8088,[1]%%%}+%%%{-13268,[0]%%%}
FOUND good eval775386 [91,90,38,-42,-11,-20,-27,64,92,60,-6,67,43,-20,14,-38,-55,51,-96,32,64,-90,-85]
// evaled GCD deg 1
Trying p/lgcd(p) as gcd 24 775401
lgcd(p) ok 24 775977
Success p/lgcd(p) as gcd 24 775997
// Time 0.14
// Time 0
// Time 0
// Time 0.01
// Time 0.04
// Time 0.04
// Time 0.21
// Time 0.2
// Time 0
// Time 0
// Time 0
// Time 0
// Time 0
// Time 0.01
// Time 0
// Time 0
// Time 0
// Time 0
// Time 0
// Time 0
// Time 0
// Time 0.01
// Time 0
// Time 0
// Time 0.03
// Time 0.02
// Time 0
// Time 0.07
// Time 0.07
// Time 0
// Time 0.02
// Time 0.07
// Total time 1.5
PASS chk_fhan5 (exit status: 0)
